<?xml version="1.0" encoding="UTF-8"?>
<!-- Generated by org.testng.reporters.JUnitXMLReporter -->
<testsuite hostname="my-pc" name="Test" tests="2" failures="1" timestamp="15 Aug 2018 15:54:10 GMT" time="12.658" errors="0">
  <testcase name="runBrowser" time="11.959" classname="com.qa.scripts.BaseClass"/>
  <testcase name="assertTitle" time="0.662" classname="com.qa.scripts.BaseClass">
    <failure type="java.lang.AssertionError" message="expected [GoogleTest] but found [Google]">
      <![CDATA[java.lang.AssertionError: expected [GoogleTest] but found [Google]
	at com.qa.scripts.BaseClass.assertTitle(BaseClass.java:28)
	at org.apache.maven.surefire.testng.TestNGExecutor.run(TestNGExecutor.java:283)
	at org.apache.maven.surefire.testng.TestNGXmlTestSuite.execute(TestNGXmlTestSuite.java:75)
	at org.apache.maven.surefire.testng.TestNGProvider.invoke(TestNGProvider.java:120)
	at org.apache.maven.surefire.booter.ForkedBooter.invokeProviderInSameClassLoader(ForkedBooter.java:379)
	at org.apache.maven.surefire.booter.ForkedBooter.runSuitesInProcess(ForkedBooter.java:340)
	at org.apache.maven.surefire.booter.ForkedBooter.execute(ForkedBooter.java:125)
	at org.apache.maven.surefire.booter.ForkedBooter.main(ForkedBooter.java:413)
... Removed 26 stack frames]]>
    </failure>
  </testcase> <!-- assertTitle -->
</testsuite> <!-- Test -->
